<?xml version="1.0" encoding="UTF-8"?>
<!-- Generated by org.testng.reporters.JUnitReportReporter -->
<testsuite hostname="BARATH" failures="1" tests="4" name="com.wipro.runner.Totalrunner" time="27.302" errors="0" timestamp="2025-03-20T11:45:19 IST" skipped="0">
  <testcase classname="com.wipro.runner.Totalrunner" name="runScenario" time="4.913"/>
  <testcase classname="com.wipro.runner.Totalrunner" name="runScenario" time="11.916">
    <failure message="expected [true] but found [false]" type="java.lang.AssertionError">
      <![CDATA[java.lang.AssertionError: expected [true] but found [false]
at org.testng.Assert.fail(Assert.java:111)
at org.testng.Assert.failNotEquals(Assert.java:1578)
at org.testng.Assert.assertTrue(Assert.java:57)
at org.testng.Assert.assertTrue(Assert.java:67)
at com.wipro.stepDefinition.HomepageSteps.i_should_see_the_top_offers_section(HomepageSteps.java:29)
at âœ½.I should see the Top Offers section(file:///C:/Users/barat/eclipse-workspace/com.wipro.tricentis/./src/test/resources/features/Home.feature:7)
]]>
    </failure>
  </testcase> <!-- runScenario -->
  <testcase classname="com.wipro.runner.Totalrunner" name="runScenario" time="4.308"/>
  <testcase classname="com.wipro.runner.Totalrunner" name="runScenario" time="6.165"/>
</testsuite> <!-- com.wipro.runner.Totalrunner -->
