<?xml version="1.0" encoding="UTF-8"?>
<!-- Generated by org.testng.reporters.JUnitReportReporter -->
<testsuite hostname="BARATH" failures="1" tests="5" name="com.wipro.runner.TotalrunnerTestCase" time="28.993" errors="0" timestamp="2025-03-21T15:36:48 IST" skipped="0">
  <testcase classname="com.wipro.runner.TotalrunnerTestCase" name="runScenario" time="4.018"/>
  <testcase classname="com.wipro.runner.TotalrunnerTestCase" name="runScenario" time="13.946"/>
  <testcase classname="com.wipro.runner.TotalrunnerTestCase" name="runScenario" time="2.248">
    <failure message="expected [false] but found [true]" type="java.lang.AssertionError">
      <![CDATA[java.lang.AssertionError: expected [false] but found [true]
at org.testng.Assert.fail(Assert.java:111)
at org.testng.Assert.failNotEquals(Assert.java:1578)
at org.testng.Assert.assertFalse(Assert.java:79)
at org.testng.Assert.assertFalse(Assert.java:89)
at com.wipro.stepDefinition.HomepageSteps.i_should_see_the_search_bar(HomepageSteps.java:42)
at âœ½.I should see the search bar(file:///C:/Users/barat/eclipse-workspace/com.wipro.tricentis/./src/test/resources/features/Home.feature:6)
]]>
    </failure>
  </testcase> <!-- runScenario -->
  <testcase classname="com.wipro.runner.TotalrunnerTestCase" name="runScenario" time="3.744"/>
  <testcase classname="com.wipro.runner.TotalrunnerTestCase" name="runScenario" time="5.037"/>
</testsuite> <!-- com.wipro.runner.TotalrunnerTestCase -->
